Using pre-set license
Built from '2020.3/release' branch; Version is '2020.3.1f1 (77a89f25062f) revision 7841951'; Using compiler version '192528614'; Build Type 'Release'
OS: 'Windows 10 Pro; OS build 19042.1110; Version 2009; 64bit' Language: 'zh' Physical Memory: 32678 MB
BatchMode: 1, IsHumanControllingUs: 0, StartBugReporterOnCrash: 0, Is64bit: 1, IsPro: 0

 COMMAND LINE ARGUMENTS:
C:\Program Files\Unity\Hub\Editor\2020.3.1f1\Editor\Unity.exe
-adb2
-batchMode
-noUpm
-name
AssetImportWorker0
-projectPath
D:/GiHub/HttpClinet
-logFile
Logs/AssetImportWorker0.log
-srvPort
57152
Successfully changed project path to: D:/GiHub/HttpClinet
D:/GiHub/HttpClinet
Using Asset Import Pipeline V2.
Refreshing native plugins compatible for Editor in 19.84 ms, found 0 plugins.
Preloading 0 native plugins for Editor in 0.00 ms.
Initialize engine version: 2020.3.1f1 (77a89f25062f)
[Subsystems] Discovering subsystems at path C:/Program Files/Unity/Hub/Editor/2020.3.1f1/Editor/Data/Resources/UnitySubsystems
[Subsystems] Discovering subsystems at path D:/GiHub/HttpClinet/Assets
GfxDevice: creating device client; threaded=0
Direct3D:
    Version:  Direct3D 11.0 [level 11.1]
    Renderer: NVIDIA GeForce RTX 2060 (ID=0x1f08)
    Vendor:   
    VRAM:     5980 MB
    Driver:   27.21.14.6611
Initialize mono
Mono path[0] = 'C:/Program Files/Unity/Hub/Editor/2020.3.1f1/Editor/Data/Managed'
Mono path[1] = 'C:/Program Files/Unity/Hub/Editor/2020.3.1f1/Editor/Data/MonoBleedingEdge/lib/mono/unityjit'
Mono config path = 'C:/Program Files/Unity/Hub/Editor/2020.3.1f1/Editor/Data/MonoBleedingEdge/etc'
Using monoOptions --debugger-agent=transport=dt_socket,embedding=1,server=y,suspend=n,address=127.0.0.1:56392
Begin MonoManager ReloadAssembly
Registering precompiled unity dll's ...
Register platform support module: C:/Program Files/Unity/Hub/Editor/2020.3.1f1/Editor/Data/PlaybackEngines/WebGLSupport/UnityEditor.WebGL.Extensions.dll
Register platform support module: C:/Program Files/Unity/Hub/Editor/2020.3.1f1/Editor/Data/PlaybackEngines/WindowsStandaloneSupport/UnityEditor.WindowsStandalone.Extensions.dll
Registered in 0.001827 seconds.
Native extension for WindowsStandalone target not found
Native extension for WebGL target not found
Refreshing native plugins compatible for Editor in 18.92 ms, found 0 plugins.
Preloading 0 native plugins for Editor in 0.00 ms.
Invoked RoslynAnalysisRunner static constructor.
RoslynAnalysisRunner will not be running.
RoslynAnalysisRunner has terminated.
Mono: successfully reloaded assembly
- Completed reload, in  1.479 seconds
Platform modules already initialized, skipping
Registering precompiled user dll's ...
Registered in 0.000464 seconds.
Begin MonoManager ReloadAssembly
Native extension for WindowsStandalone target not found
Native extension for WebGL target not found
Refreshing native plugins compatible for Editor in 0.19 ms, found 0 plugins.
Preloading 0 native plugins for Editor in 0.00 ms.
Invoked RoslynAnalysisRunner static constructor.
RoslynAnalysisRunner will not be running.
RoslynAnalysisRunner has terminated.
Mono: successfully reloaded assembly
- Completed reload, in  0.658 seconds
Platform modules already initialized, skipping
========================================================================
Worker process is ready to serve import requests
Launched and connected shader compiler UnityShaderCompiler.exe after 0.03 seconds
Refreshing native plugins compatible for Editor in 0.20 ms, found 0 plugins.
Preloading 0 native plugins for Editor in 0.00 ms.
Unloading 1116 Unused Serialized files (Serialized files now loaded: 0)
System memory in use before: 59.4 MB.
System memory in use after: 59.5 MB.

Unloading 9 unused Assets to reduce memory usage. Loaded Objects now: 1559.
Total: 1.458700 ms (FindLiveObjects: 0.165000 ms CreateObjectMapping: 0.029300 ms MarkObjects: 1.219600 ms  DeleteObjects: 0.044000 ms)

========================================================================
Received Import Request.
  path: Assets/Jason/Script/JasonHttp.cs
  artifactKey: Guid(a15bb30889084dc47a16f2dea0fc2d5d) Importer(815301076,1909f56bfc062723c751e8b465ee728b)
Start importing Assets/Jason/Script/JasonHttp.cs using Guid(a15bb30889084dc47a16f2dea0fc2d5d) Importer(815301076,1909f56bfc062723c751e8b465ee728b)  -> (artifact id: '9f5e435e4b72ddde03a0dc8a7fcdcc48') in 0.017816 seconds
  Import took 0.019504 seconds .

========================================================================
Received Import Request.
  Time since last request: 0.208723 seconds.
  path: Assets/Scenes/SampleScene.unity
  artifactKey: Guid(9fc0d4010bbf28b4594072e72b8655ab) Importer(815301076,1909f56bfc062723c751e8b465ee728b)
Start importing Assets/Scenes/SampleScene.unity using Guid(9fc0d4010bbf28b4594072e72b8655ab) Importer(815301076,1909f56bfc062723c751e8b465ee728b)  -> (artifact id: '85e8f31013c1539c14b8758ecc9c8053') in 0.012064 seconds
  Import took 0.013889 seconds .

========================================================================
Received Import Request.
  Time since last request: 18.829470 seconds.
  path: Assets/Scenes/HttpClient.unity
  artifactKey: Guid(9fc0d4010bbf28b4594072e72b8655ab) Importer(815301076,1909f56bfc062723c751e8b465ee728b)
Start importing Assets/Scenes/HttpClient.unity using Guid(9fc0d4010bbf28b4594072e72b8655ab) Importer(815301076,1909f56bfc062723c751e8b465ee728b)  -> (artifact id: '471d343ad79703eab5590a291447f71e') in 0.005792 seconds
  Import took 0.007813 seconds .

========================================================================
Received Prepare
Registering precompiled user dll's ...
Registered in 0.000331 seconds.
Begin MonoManager ReloadAssembly
Native extension for WindowsStandalone target not found
Native extension for WebGL target not found
Refreshing native plugins compatible for Editor in 0.20 ms, found 0 plugins.
Preloading 0 native plugins for Editor in 0.00 ms.
Invoked RoslynAnalysisRunner static constructor.
RoslynAnalysisRunner will not be running.
RoslynAnalysisRunner has terminated.
Mono: successfully reloaded assembly
- Completed reload, in  0.597 seconds
Platform modules already initialized, skipping
Refreshing native plugins compatible for Editor in 0.18 ms, found 0 plugins.
Preloading 0 native plugins for Editor in 0.00 ms.
Unloading 1110 Unused Serialized files (Serialized files now loaded: 0)
System memory in use before: 59.3 MB.
System memory in use after: 59.4 MB.

Unloading 4 unused Assets to reduce memory usage. Loaded Objects now: 1562.
Total: 1.613300 ms (FindLiveObjects: 0.127700 ms CreateObjectMapping: 0.023500 ms MarkObjects: 1.448400 ms  DeleteObjects: 0.012700 ms)

========================================================================
Received Prepare
Registering precompiled user dll's ...
Registered in 0.000347 seconds.
Begin MonoManager ReloadAssembly
Native extension for WindowsStandalone target not found
Native extension for WebGL target not found
Refreshing native plugins compatible for Editor in 0.20 ms, found 0 plugins.
Preloading 0 native plugins for Editor in 0.00 ms.
Invoked RoslynAnalysisRunner static constructor.
RoslynAnalysisRunner will not be running.
RoslynAnalysisRunner has terminated.
Mono: successfully reloaded assembly
- Completed reload, in  0.577 seconds
Platform modules already initialized, skipping
Refreshing native plugins compatible for Editor in 0.16 ms, found 0 plugins.
Preloading 0 native plugins for Editor in 0.00 ms.
Unloading 1110 Unused Serialized files (Serialized files now loaded: 0)
System memory in use before: 59.3 MB.
System memory in use after: 59.4 MB.

Unloading 4 unused Assets to reduce memory usage. Loaded Objects now: 1565.
Total: 1.373500 ms (FindLiveObjects: 0.188700 ms CreateObjectMapping: 0.028200 ms MarkObjects: 1.146600 ms  DeleteObjects: 0.009200 ms)

========================================================================
Received Import Request.
  Time since last request: 9016.703943 seconds.
  path: Assets/Jason/Script/SimpleJSON.cs
  artifactKey: Guid(4971f00914effeb48b69877b2f8fc5df) Importer(815301076,1909f56bfc062723c751e8b465ee728b)
Start importing Assets/Jason/Script/SimpleJSON.cs using Guid(4971f00914effeb48b69877b2f8fc5df) Importer(815301076,1909f56bfc062723c751e8b465ee728b)  -> (artifact id: '11c22aed4f372864165d5c7eac2c8adf') in 0.006032 seconds
  Import took 0.007951 seconds .

========================================================================
Received Import Request.
  Time since last request: 0.018079 seconds.
  path: Assets/Jason/Script/SimpleJSON.cs
  artifactKey: Guid(4971f00914effeb48b69877b2f8fc5df) Importer(815301076,1909f56bfc062723c751e8b465ee728b)
Start importing Assets/Jason/Script/SimpleJSON.cs using Guid(4971f00914effeb48b69877b2f8fc5df) Importer(815301076,1909f56bfc062723c751e8b465ee728b)  -> (artifact id: '11c22aed4f372864165d5c7eac2c8adf') in 0.001297 seconds
  Import took 0.002866 seconds .

========================================================================
Received Import Request.
  Time since last request: 0.605353 seconds.
  path: Assets/Jason/Script/NetManager.cs
  artifactKey: Guid(92b8a420e87dca04a940bc268d12236a) Importer(815301076,1909f56bfc062723c751e8b465ee728b)
Start importing Assets/Jason/Script/NetManager.cs using Guid(92b8a420e87dca04a940bc268d12236a) Importer(815301076,1909f56bfc062723c751e8b465ee728b)  -> (artifact id: '773451f71703a0f7b1fdd8789479bd10') in 0.004527 seconds
  Import took 0.006228 seconds .

========================================================================
Received Import Request.
  Time since last request: 9327.678119 seconds.
  path: Assets/Jason/Script/JasonHttp.cs
  artifactKey: Guid(a15bb30889084dc47a16f2dea0fc2d5d) Importer(815301076,1909f56bfc062723c751e8b465ee728b)
Start importing Assets/Jason/Script/JasonHttp.cs using Guid(a15bb30889084dc47a16f2dea0fc2d5d) Importer(815301076,1909f56bfc062723c751e8b465ee728b)  -> (artifact id: 'f4661e4333859b2444354406f3756d37') in 0.005905 seconds
  Import took 0.007735 seconds .

========================================================================
Received Import Request.
  Time since last request: 0.001559 seconds.
  path: Assets/Jason/Script/JasonHttp.cs
  artifactKey: Guid(a15bb30889084dc47a16f2dea0fc2d5d) Importer(815301076,1909f56bfc062723c751e8b465ee728b)
Start importing Assets/Jason/Script/JasonHttp.cs using Guid(a15bb30889084dc47a16f2dea0fc2d5d) Importer(815301076,1909f56bfc062723c751e8b465ee728b)  -> (artifact id: 'f4661e4333859b2444354406f3756d37') in 0.001399 seconds
  Import took 0.003071 seconds .

